<?xml version="1.0" encoding="UTF-8"?>
<!-- Generated by org.testng.reporters.JUnitXMLReporter -->
<testsuite ignored="0" hostname="DESKTOP-GQJK560" failures="0" tests="6" name="Default test" time="57.877" errors="0" timestamp="2022-10-14T01:12:39 IST">
  <testcase classname="com.capstone.AadharCitizen" name="ChromeBrowser" time="3.059"/>
  <testcase classname="com.capstone.AadharCitizen" name="CitizenCheck" time="16.037"/>
  <testcase classname="com.capstone.AadharAdmin" name="ChromeBrowser" time="1.626"/>
  <testcase classname="com.capstone.AadharAdmin" name="TestHome" time="17.439"/>
  <testcase classname="com.capstone.AadharRegister" name="ChromeBrowser" time="4.602"/>
  <testcase classname="com.capstone.AadharRegister" name="TestHome" time="15.02"/>
</testsuite> <!-- Default test -->
